[0.017s] Invoking command in '/home/magic/goat_ws/build/goat_nav2': CMAKE_PREFIX_PATH=${CMAKE_PREFIX_PATH}:/home/magic/colcon_ws/install/ebot_control:/home/magic/thedush_ws/install/converter_pkg:/home/magic/project_ws/install/converter_pkg:/home/magic/ros2_ws/install/py_pubsub:/opt/ros/humble /usr/bin/cmake --build /home/magic/goat_ws/build/goat_nav2 -- -j12 -l12
[0.060s] -- Found ament_cmake: 1.3.5 (/opt/ros/humble/share/ament_cmake/cmake)
[0.181s] -- Override CMake install command with custom implementation using symlinks instead of copying resources
[0.194s] -- Found rclpy: 3.3.9 (/opt/ros/humble/share/rclpy/cmake)
[0.194s] -- Found rclcpp: 16.0.5 (/opt/ros/humble/share/rclcpp/cmake)
[0.227s] -- Found rosidl_generator_c: 3.1.5 (/opt/ros/humble/share/rosidl_generator_c/cmake)
[0.231s] -- Found rosidl_adapter: 3.1.5 (/opt/ros/humble/share/rosidl_adapter/cmake)
[0.237s] -- Found rosidl_generator_cpp: 3.1.5 (/opt/ros/humble/share/rosidl_generator_cpp/cmake)
[0.250s] -- Using all available rosidl_typesupport_c: rosidl_typesupport_fastrtps_c;rosidl_typesupport_introspection_c
[0.266s] -- Using all available rosidl_typesupport_cpp: rosidl_typesupport_fastrtps_cpp;rosidl_typesupport_introspection_cpp
[0.321s] -- Found rmw_implementation_cmake: 6.1.1 (/opt/ros/humble/share/rmw_implementation_cmake/cmake)
[0.324s] -- Found rmw_cyclonedds_cpp: 1.3.4 (/opt/ros/humble/share/rmw_cyclonedds_cpp/cmake)
[0.354s] -- Using RMW implementation 'rmw_cyclonedds_cpp' as default
[0.496s] -- Found ament_lint_auto: 0.12.8 (/opt/ros/humble/share/ament_lint_auto/cmake)
[0.561s] -- Added test 'flake8' to check Python code syntax and style conventions
[0.562s] -- Added test 'lint_cmake' to check CMake code style
[0.563s] -- Added test 'pep257' to check Python code against some of the docstring style conventions in PEP 257
[0.564s] -- Added test 'xmllint' to check XML markup files
[0.566s] -- Configuring done
[0.571s] -- Generating done
[0.572s] -- Build files have been written to: /home/magic/goat_ws/build/goat_nav2
[0.591s] Invoked command in '/home/magic/goat_ws/build/goat_nav2' returned '0': CMAKE_PREFIX_PATH=${CMAKE_PREFIX_PATH}:/home/magic/colcon_ws/install/ebot_control:/home/magic/thedush_ws/install/converter_pkg:/home/magic/project_ws/install/converter_pkg:/home/magic/ros2_ws/install/py_pubsub:/opt/ros/humble /usr/bin/cmake --build /home/magic/goat_ws/build/goat_nav2 -- -j12 -l12
[0.615s] Invoking command in '/home/magic/goat_ws/build/goat_nav2': CMAKE_PREFIX_PATH=${CMAKE_PREFIX_PATH}:/home/magic/colcon_ws/install/ebot_control:/home/magic/thedush_ws/install/converter_pkg:/home/magic/project_ws/install/converter_pkg:/home/magic/ros2_ws/install/py_pubsub:/opt/ros/humble /usr/bin/cmake --install /home/magic/goat_ws/build/goat_nav2
[0.620s] -- Install configuration: ""
[0.620s] -- Execute custom install script
[0.621s] -- Symlinking: /home/magic/goat_ws/install/goat_nav2/share/goat_nav2/launch/goat_bringup_launch.py
[0.628s] -- Up-to-date symlink: /home/magic/goat_ws/install/goat_nav2/share/goat_nav2/maps/my_demo_map.pgm
[0.628s] -- Up-to-date symlink: /home/magic/goat_ws/install/goat_nav2/share/goat_nav2/maps/my_demo_map.yaml
[0.628s] -- Symlinking: /home/magic/goat_ws/install/goat_nav2/share/goat_nav2/params/nav2_params.yaml
[0.635s] -- Symlinking: /home/magic/goat_ws/install/goat_nav2/share/goat_nav2/config/ekf.yaml
[0.643s] -- Symlinking: /home/magic/goat_ws/install/goat_nav2/lib/goat_nav2/task7.py
[0.651s] -- Up-to-date symlink: /home/magic/goat_ws/install/goat_nav2/share/ament_index/resource_index/package_run_dependencies/goat_nav2
[0.651s] -- Up-to-date symlink: /home/magic/goat_ws/install/goat_nav2/share/ament_index/resource_index/parent_prefix_path/goat_nav2
[0.651s] -- Up-to-date symlink: /home/magic/goat_ws/install/goat_nav2/share/goat_nav2/environment/ament_prefix_path.sh
[0.652s] -- Up-to-date symlink: /home/magic/goat_ws/install/goat_nav2/share/goat_nav2/environment/ament_prefix_path.dsv
[0.652s] -- Up-to-date symlink: /home/magic/goat_ws/install/goat_nav2/share/goat_nav2/environment/path.sh
[0.653s] -- Up-to-date symlink: /home/magic/goat_ws/install/goat_nav2/share/goat_nav2/environment/path.dsv
[0.653s] -- Up-to-date symlink: /home/magic/goat_ws/install/goat_nav2/share/goat_nav2/local_setup.bash
[0.653s] -- Up-to-date symlink: /home/magic/goat_ws/install/goat_nav2/share/goat_nav2/local_setup.sh
[0.653s] -- Up-to-date symlink: /home/magic/goat_ws/install/goat_nav2/share/goat_nav2/local_setup.zsh
[0.653s] -- Up-to-date symlink: /home/magic/goat_ws/install/goat_nav2/share/goat_nav2/local_setup.dsv
[0.653s] -- Symlinking: /home/magic/goat_ws/install/goat_nav2/share/goat_nav2/package.dsv
[0.661s] -- Up-to-date symlink: /home/magic/goat_ws/install/goat_nav2/share/ament_index/resource_index/packages/goat_nav2
[0.661s] -- Up-to-date symlink: /home/magic/goat_ws/install/goat_nav2/share/goat_nav2/cmake/goat_nav2Config.cmake
[0.661s] -- Up-to-date symlink: /home/magic/goat_ws/install/goat_nav2/share/goat_nav2/cmake/goat_nav2Config-version.cmake
[0.661s] -- Up-to-date symlink: /home/magic/goat_ws/install/goat_nav2/share/goat_nav2/package.xml
[0.663s] Invoked command in '/home/magic/goat_ws/build/goat_nav2' returned '0': CMAKE_PREFIX_PATH=${CMAKE_PREFIX_PATH}:/home/magic/colcon_ws/install/ebot_control:/home/magic/thedush_ws/install/converter_pkg:/home/magic/project_ws/install/converter_pkg:/home/magic/ros2_ws/install/py_pubsub:/opt/ros/humble /usr/bin/cmake --install /home/magic/goat_ws/build/goat_nav2
