[0.015s] Invoking command in '/home/magic/goat_ws/build/goat_nav2': CMAKE_PREFIX_PATH=${CMAKE_PREFIX_PATH}:/home/magic/colcon_ws/install/ebot_control:/home/magic/thedush_ws/install/converter_pkg:/home/magic/project_ws/install/converter_pkg:/home/magic/ros2_ws/install/py_pubsub:/opt/ros/humble /usr/bin/cmake /home/magic/goat_ws/src/goat_nav2 -DAMENT_CMAKE_SYMLINK_INSTALL=1 -DCMAKE_INSTALL_PREFIX=/home/magic/goat_ws/install/goat_nav2
[0.175s] -- The C compiler identification is GNU 11.4.0
[0.320s] -- The CXX compiler identification is GNU 11.4.0
[0.330s] -- Detecting C compiler ABI info
[0.395s] -- Detecting C compiler ABI info - done
[0.402s] -- Check for working C compiler: /usr/bin/cc - skipped
[0.403s] -- Detecting C compile features
[0.403s] -- Detecting C compile features - done
[0.407s] -- Detecting CXX compiler ABI info
[0.476s] -- Detecting CXX compiler ABI info - done
[0.484s] -- Check for working CXX compiler: /usr/bin/c++ - skipped
[0.484s] -- Detecting CXX compile features
[0.484s] -- Detecting CXX compile features - done
[0.494s] -- Found ament_cmake: 1.3.5 (/opt/ros/humble/share/ament_cmake/cmake)
[0.671s] -- Found Python3: /usr/bin/python3.10 (found version "3.10.12") found components: Interpreter 
[0.744s] -- Override CMake install command with custom implementation using symlinks instead of copying resources
[0.805s] -- Found rclpy: 3.3.9 (/opt/ros/humble/share/rclpy/cmake)
[0.809s] -- Found rclcpp: 16.0.5 (/opt/ros/humble/share/rclcpp/cmake)
[0.877s] -- Found rosidl_generator_c: 3.1.5 (/opt/ros/humble/share/rosidl_generator_c/cmake)
[0.885s] -- Found rosidl_adapter: 3.1.5 (/opt/ros/humble/share/rosidl_adapter/cmake)
[0.897s] -- Found rosidl_generator_cpp: 3.1.5 (/opt/ros/humble/share/rosidl_generator_cpp/cmake)
[0.915s] -- Using all available rosidl_typesupport_c: rosidl_typesupport_fastrtps_c;rosidl_typesupport_introspection_c
[0.940s] -- Using all available rosidl_typesupport_cpp: rosidl_typesupport_fastrtps_cpp;rosidl_typesupport_introspection_cpp
[1.022s] -- Found rmw_implementation_cmake: 6.1.1 (/opt/ros/humble/share/rmw_implementation_cmake/cmake)
[1.027s] -- Found rmw_cyclonedds_cpp: 1.3.4 (/opt/ros/humble/share/rmw_cyclonedds_cpp/cmake)
[1.071s] -- Using RMW implementation 'rmw_cyclonedds_cpp' as default
[1.085s] -- Looking for pthread.h
[1.146s] -- Looking for pthread.h - found
[1.146s] -- Performing Test CMAKE_HAVE_LIBC_PTHREAD
[1.208s] -- Performing Test CMAKE_HAVE_LIBC_PTHREAD - Success
[1.209s] -- Found Threads: TRUE  
[1.369s] -- Found ament_lint_auto: 0.12.8 (/opt/ros/humble/share/ament_lint_auto/cmake)
[1.450s] -- Added test 'lint_cmake' to check CMake code style
[1.451s] -- Added test 'xmllint' to check XML markup files
[1.453s] -- Configuring done
[1.456s] -- Generating done
[1.457s] -- Build files have been written to: /home/magic/goat_ws/build/goat_nav2
[1.462s] Invoked command in '/home/magic/goat_ws/build/goat_nav2' returned '0': CMAKE_PREFIX_PATH=${CMAKE_PREFIX_PATH}:/home/magic/colcon_ws/install/ebot_control:/home/magic/thedush_ws/install/converter_pkg:/home/magic/project_ws/install/converter_pkg:/home/magic/ros2_ws/install/py_pubsub:/opt/ros/humble /usr/bin/cmake /home/magic/goat_ws/src/goat_nav2 -DAMENT_CMAKE_SYMLINK_INSTALL=1 -DCMAKE_INSTALL_PREFIX=/home/magic/goat_ws/install/goat_nav2
[1.464s] Invoking command in '/home/magic/goat_ws/build/goat_nav2': CMAKE_PREFIX_PATH=${CMAKE_PREFIX_PATH}:/home/magic/colcon_ws/install/ebot_control:/home/magic/thedush_ws/install/converter_pkg:/home/magic/project_ws/install/converter_pkg:/home/magic/ros2_ws/install/py_pubsub:/opt/ros/humble /usr/bin/cmake --build /home/magic/goat_ws/build/goat_nav2 -- -j12 -l12
[1.493s] Invoked command in '/home/magic/goat_ws/build/goat_nav2' returned '0': CMAKE_PREFIX_PATH=${CMAKE_PREFIX_PATH}:/home/magic/colcon_ws/install/ebot_control:/home/magic/thedush_ws/install/converter_pkg:/home/magic/project_ws/install/converter_pkg:/home/magic/ros2_ws/install/py_pubsub:/opt/ros/humble /usr/bin/cmake --build /home/magic/goat_ws/build/goat_nav2 -- -j12 -l12
[1.516s] Invoking command in '/home/magic/goat_ws/build/goat_nav2': CMAKE_PREFIX_PATH=${CMAKE_PREFIX_PATH}:/home/magic/colcon_ws/install/ebot_control:/home/magic/thedush_ws/install/converter_pkg:/home/magic/project_ws/install/converter_pkg:/home/magic/ros2_ws/install/py_pubsub:/opt/ros/humble /usr/bin/cmake --install /home/magic/goat_ws/build/goat_nav2
[1.522s] -- Install configuration: ""
[1.523s] -- Execute custom install script
[1.523s] -- Symlinking: /home/magic/goat_ws/install/goat_nav2/share/goat_nav2/maps/my_demo_map.pgm
[1.531s] -- Symlinking: /home/magic/goat_ws/install/goat_nav2/share/goat_nav2/maps/my_demo_map.yaml
[1.540s] -- Symlinking: /home/magic/goat_ws/install/goat_nav2/share/ament_index/resource_index/package_run_dependencies/goat_nav2
[1.548s] -- Symlinking: /home/magic/goat_ws/install/goat_nav2/share/ament_index/resource_index/parent_prefix_path/goat_nav2
[1.556s] -- Symlinking: /home/magic/goat_ws/install/goat_nav2/share/goat_nav2/environment/ament_prefix_path.sh
[1.564s] -- Symlinking: /home/magic/goat_ws/install/goat_nav2/share/goat_nav2/environment/ament_prefix_path.dsv
[1.572s] -- Symlinking: /home/magic/goat_ws/install/goat_nav2/share/goat_nav2/environment/path.sh
[1.580s] -- Symlinking: /home/magic/goat_ws/install/goat_nav2/share/goat_nav2/environment/path.dsv
[1.588s] -- Symlinking: /home/magic/goat_ws/install/goat_nav2/share/goat_nav2/local_setup.bash
[1.596s] -- Symlinking: /home/magic/goat_ws/install/goat_nav2/share/goat_nav2/local_setup.sh
[1.604s] -- Symlinking: /home/magic/goat_ws/install/goat_nav2/share/goat_nav2/local_setup.zsh
[1.612s] -- Symlinking: /home/magic/goat_ws/install/goat_nav2/share/goat_nav2/local_setup.dsv
[1.620s] -- Symlinking: /home/magic/goat_ws/install/goat_nav2/share/goat_nav2/package.dsv
[1.628s] -- Symlinking: /home/magic/goat_ws/install/goat_nav2/share/ament_index/resource_index/packages/goat_nav2
[1.636s] -- Symlinking: /home/magic/goat_ws/install/goat_nav2/share/goat_nav2/cmake/goat_nav2Config.cmake
[1.644s] -- Symlinking: /home/magic/goat_ws/install/goat_nav2/share/goat_nav2/cmake/goat_nav2Config-version.cmake
[1.652s] -- Symlinking: /home/magic/goat_ws/install/goat_nav2/share/goat_nav2/package.xml
[1.662s] Invoked command in '/home/magic/goat_ws/build/goat_nav2' returned '0': CMAKE_PREFIX_PATH=${CMAKE_PREFIX_PATH}:/home/magic/colcon_ws/install/ebot_control:/home/magic/thedush_ws/install/converter_pkg:/home/magic/project_ws/install/converter_pkg:/home/magic/ros2_ws/install/py_pubsub:/opt/ros/humble /usr/bin/cmake --install /home/magic/goat_ws/build/goat_nav2
