[0.075s] Invoking command in '/home/magic/goat_ws/build/dynamixel_sdk': CMAKE_PREFIX_PATH=${CMAKE_PREFIX_PATH}:/home/magic/colcon_ws/install/ebot_control:/home/magic/thedush_ws/install/converter_pkg:/home/magic/project_ws/install/converter_pkg:/home/magic/ros2_ws/install/py_pubsub:/opt/ros/humble /usr/bin/cmake --build /home/magic/goat_ws/build/dynamixel_sdk -- -j12 -l12
[0.139s] [35m[1mConsolidate compiler generated dependencies of target dynamixel_sdk[0m
[0.172s] [100%] Built target dynamixel_sdk
[0.202s] Invoked command in '/home/magic/goat_ws/build/dynamixel_sdk' returned '0': CMAKE_PREFIX_PATH=${CMAKE_PREFIX_PATH}:/home/magic/colcon_ws/install/ebot_control:/home/magic/thedush_ws/install/converter_pkg:/home/magic/project_ws/install/converter_pkg:/home/magic/ros2_ws/install/py_pubsub:/opt/ros/humble /usr/bin/cmake --build /home/magic/goat_ws/build/dynamixel_sdk -- -j12 -l12
[0.387s] Invoking command in '/home/magic/goat_ws/build/dynamixel_sdk': CMAKE_PREFIX_PATH=${CMAKE_PREFIX_PATH}:/home/magic/colcon_ws/install/ebot_control:/home/magic/thedush_ws/install/converter_pkg:/home/magic/project_ws/install/converter_pkg:/home/magic/ros2_ws/install/py_pubsub:/opt/ros/humble /usr/bin/cmake --install /home/magic/goat_ws/build/dynamixel_sdk
[0.404s] -- Install configuration: ""
[0.405s] -- Execute custom install script
[0.406s] -- Up-to-date symlink: /home/magic/goat_ws/install/dynamixel_sdk/include//dynamixel_sdk/dynamixel_sdk.h
[0.406s] -- Up-to-date symlink: /home/magic/goat_ws/install/dynamixel_sdk/include//dynamixel_sdk/group_bulk_read.h
[0.407s] -- Up-to-date symlink: /home/magic/goat_ws/install/dynamixel_sdk/include//dynamixel_sdk/group_bulk_write.h
[0.407s] -- Up-to-date symlink: /home/magic/goat_ws/install/dynamixel_sdk/include//dynamixel_sdk/group_sync_read.h
[0.407s] -- Up-to-date symlink: /home/magic/goat_ws/install/dynamixel_sdk/include//dynamixel_sdk/group_sync_write.h
[0.408s] -- Up-to-date symlink: /home/magic/goat_ws/install/dynamixel_sdk/include//dynamixel_sdk/packet_handler.h
[0.408s] -- Up-to-date symlink: /home/magic/goat_ws/install/dynamixel_sdk/include//dynamixel_sdk/port_handler.h
[0.408s] -- Up-to-date symlink: /home/magic/goat_ws/install/dynamixel_sdk/include//dynamixel_sdk/port_handler_arduino.h
[0.408s] -- Up-to-date symlink: /home/magic/goat_ws/install/dynamixel_sdk/include//dynamixel_sdk/port_handler_linux.h
[0.409s] -- Up-to-date symlink: /home/magic/goat_ws/install/dynamixel_sdk/include//dynamixel_sdk/port_handler_mac.h
[0.409s] -- Up-to-date symlink: /home/magic/goat_ws/install/dynamixel_sdk/include//dynamixel_sdk/port_handler_windows.h
[0.409s] -- Up-to-date symlink: /home/magic/goat_ws/install/dynamixel_sdk/include//dynamixel_sdk/protocol1_packet_handler.h
[0.409s] -- Up-to-date symlink: /home/magic/goat_ws/install/dynamixel_sdk/include//dynamixel_sdk/protocol2_packet_handler.h
[0.410s] -- Up-to-date symlink: /home/magic/goat_ws/install/dynamixel_sdk/lib/libdynamixel_sdk.so
[0.410s] -- Up-to-date symlink: /home/magic/goat_ws/install/dynamixel_sdk/share/dynamixel_sdk/environment/library_path.sh
[0.410s] -- Up-to-date symlink: /home/magic/goat_ws/install/dynamixel_sdk/share/dynamixel_sdk/environment/library_path.dsv
[0.410s] -- Up-to-date symlink: /home/magic/goat_ws/install/dynamixel_sdk/share/ament_index/resource_index/package_run_dependencies/dynamixel_sdk
[0.411s] -- Up-to-date symlink: /home/magic/goat_ws/install/dynamixel_sdk/share/ament_index/resource_index/parent_prefix_path/dynamixel_sdk
[0.411s] -- Up-to-date symlink: /home/magic/goat_ws/install/dynamixel_sdk/share/dynamixel_sdk/environment/ament_prefix_path.sh
[0.412s] -- Up-to-date symlink: /home/magic/goat_ws/install/dynamixel_sdk/share/dynamixel_sdk/environment/ament_prefix_path.dsv
[0.412s] -- Up-to-date symlink: /home/magic/goat_ws/install/dynamixel_sdk/share/dynamixel_sdk/environment/path.sh
[0.412s] -- Up-to-date symlink: /home/magic/goat_ws/install/dynamixel_sdk/share/dynamixel_sdk/environment/path.dsv
[0.413s] -- Up-to-date symlink: /home/magic/goat_ws/install/dynamixel_sdk/share/dynamixel_sdk/local_setup.bash
[0.416s] -- Up-to-date symlink: /home/magic/goat_ws/install/dynamixel_sdk/share/dynamixel_sdk/local_setup.sh
[0.418s] -- Up-to-date symlink: /home/magic/goat_ws/install/dynamixel_sdk/share/dynamixel_sdk/local_setup.zsh
[0.418s] -- Up-to-date symlink: /home/magic/goat_ws/install/dynamixel_sdk/share/dynamixel_sdk/local_setup.dsv
[0.418s] -- Symlinking: /home/magic/goat_ws/install/dynamixel_sdk/share/dynamixel_sdk/package.dsv
[0.429s] -- Up-to-date symlink: /home/magic/goat_ws/install/dynamixel_sdk/share/ament_index/resource_index/packages/dynamixel_sdk
[0.430s] -- Up-to-date symlink: /home/magic/goat_ws/install/dynamixel_sdk/share/dynamixel_sdk/cmake/ament_cmake_export_include_directories-extras.cmake
[0.430s] -- Up-to-date symlink: /home/magic/goat_ws/install/dynamixel_sdk/share/dynamixel_sdk/cmake/ament_cmake_export_libraries-extras.cmake
[0.430s] -- Up-to-date symlink: /home/magic/goat_ws/install/dynamixel_sdk/share/dynamixel_sdk/cmake/dynamixel_sdkConfig.cmake
[0.431s] -- Up-to-date symlink: /home/magic/goat_ws/install/dynamixel_sdk/share/dynamixel_sdk/cmake/dynamixel_sdkConfig-version.cmake
[0.431s] -- Up-to-date symlink: /home/magic/goat_ws/install/dynamixel_sdk/share/dynamixel_sdk/package.xml
[0.438s] Invoked command in '/home/magic/goat_ws/build/dynamixel_sdk' returned '0': CMAKE_PREFIX_PATH=${CMAKE_PREFIX_PATH}:/home/magic/colcon_ws/install/ebot_control:/home/magic/thedush_ws/install/converter_pkg:/home/magic/project_ws/install/converter_pkg:/home/magic/ros2_ws/install/py_pubsub:/opt/ros/humble /usr/bin/cmake --install /home/magic/goat_ws/build/dynamixel_sdk
